<?xml version="1.0" encoding="UTF-8"?>
<testng-results ignored="0" total="1" passed="1" failed="0" skipped="0">
  <reporter-output>
  </reporter-output>
  <suite started-at="2025-03-03T16:37:35 IST" name="Suite" finished-at="2025-03-03T16:37:41 IST" duration-ms="5805">
    <groups>
    </groups>
    <test started-at="2025-03-03T16:37:35 IST" name="Test" finished-at="2025-03-03T16:37:41 IST" duration-ms="5805">
      <class name="webApplicationTests.SubmitOrder">
        <test-method signature="submitOrderTest()[pri:0, instance:webApplicationTests.SubmitOrder@7fa98a66]" started-at="2025-03-03T16:37:35 IST" name="submitOrderTest" finished-at="2025-03-03T16:37:41 IST" duration-ms="5766" status="PASS">
          <reporter-output>
          </reporter-output>
        </test-method> <!-- submitOrderTest -->
      </class> <!-- webApplicationTests.SubmitOrder -->
    </test> <!-- Test -->
  </suite> <!-- Suite -->
</testng-results>
